2023-05-17T11:22:39.5051393+07:00  [INF] Starting Duende IdentityServer version "6.2.1+bda14c367eb8a85f3dae614fa0ac1005bb13dfdc" (".NET 7.0.1") (ae753c2a)
2023-05-17T11:22:39.5248390+07:00  [WRN] You do not have a valid license key for the Duende software. This is allowed for development and testing scenarios. If you are running in production you are required to have a licensed version. Please start a conversation with us: https://duendesoftware.com/contact (c0bcb7a8)
2023-05-17T11:22:39.5275862+07:00  [INF] You are using the in-memory version of the persisted grant store. This will store consent decisions, authorization codes, refresh and reference tokens in memory only. If you are using any of those features in production, you want to switch to a different store implementation. (553c312b)
2023-05-17T11:22:39.5311826+07:00  [INF] Using the default authentication scheme "Bearer" for IdentityServer (4a54f457)
2023-05-17T11:22:39.5312159+07:00  [INF] Authentication scheme "Bearer" is configured for IdentityServer, but it is not a scheme that supports signin (like cookies). If you support interactive logins via the browser, then a cookie-based scheme should be used. (70b7fc41)
2023-05-17T11:22:39.7091925+07:00  [INF] Now listening on: "https://localhost:44350" (d826f4b8)
2023-05-17T11:22:39.7092803+07:00  [INF] Now listening on: "http://localhost:5050" (d826f4b8)
2023-05-17T11:22:39.7094260+07:00  [INF] Application started. Press Ctrl+C to shut down. (dcaefe54)
2023-05-17T11:22:39.7094532+07:00  [INF] Hosting environment: "Development" (bc5a1a4e)
2023-05-17T11:22:39.7094684+07:00  [INF] Content root path: "E:\1.Project\React_MetaLearn\QuickApp" (cc26f24e)
2023-05-17T11:22:44.2596592+07:00 0HMQMHPD11IBQ:00000001 [INF] No SPA development server running at https://localhost:44450 found. (faa82a70)
2023-05-17T11:22:44.3201978+07:00 0HMQMHPD11IBQ:00000001 [INF] SPA proxy is not ready. Returning temporary landing page. (72ef90a5)
2023-05-17T11:22:49.4082813+07:00 0HMQMHPD11IBQ:00000001 [ERR] Couldn't start the SPA development server with command 'npm run dev'. (d0ae250d)
2023-05-17T11:22:51.5315733+07:00 0HMQMHPD11IBQ:00000003 [INF] No SPA development server running at https://localhost:44450 found. (faa82a70)
2023-05-17T11:22:51.5684153+07:00 0HMQMHPD11IBQ:00000003 [INF] SPA proxy is not ready. Returning temporary landing page. (72ef90a5)
2023-05-17T11:22:56.6490102+07:00 0HMQMHPD11IBQ:00000003 [ERR] Couldn't start the SPA development server with command 'npm run dev'. (d0ae250d)
2023-05-17T11:22:58.7030705+07:00 0HMQMHPD11IBQ:00000005 [INF] No SPA development server running at https://localhost:44450 found. (faa82a70)
2023-05-17T11:22:58.7260554+07:00 0HMQMHPD11IBQ:00000005 [INF] SPA proxy is not ready. Returning temporary landing page. (72ef90a5)
2023-05-17T11:23:03.8212425+07:00 0HMQMHPD11IBQ:00000005 [ERR] Couldn't start the SPA development server with command 'npm run dev'. (d0ae250d)
2023-05-17T11:23:05.8546805+07:00 0HMQMHPD11IBQ:00000007 [INF] No SPA development server running at https://localhost:44450 found. (faa82a70)
2023-05-17T11:23:05.8764425+07:00 0HMQMHPD11IBQ:00000007 [INF] SPA proxy is not ready. Returning temporary landing page. (72ef90a5)
2023-05-17T11:23:10.9476041+07:00 0HMQMHPD11IBQ:00000007 [ERR] Couldn't start the SPA development server with command 'npm run dev'. (d0ae250d)
2023-05-17T11:23:13.0077692+07:00 0HMQMHPD11IBQ:00000009 [INF] No SPA development server running at https://localhost:44450 found. (faa82a70)
2023-05-17T11:23:13.0363329+07:00 0HMQMHPD11IBQ:00000009 [INF] SPA proxy is not ready. Returning temporary landing page. (72ef90a5)
2023-05-17T11:23:18.1139162+07:00 0HMQMHPD11IBQ:00000009 [ERR] Couldn't start the SPA development server with command 'npm run dev'. (d0ae250d)
2023-05-17T11:23:20.1656210+07:00 0HMQMHPD11IBQ:0000000B [INF] No SPA development server running at https://localhost:44450 found. (faa82a70)
2023-05-17T11:23:20.1869567+07:00 0HMQMHPD11IBQ:0000000B [INF] SPA proxy is not ready. Returning temporary landing page. (72ef90a5)
2023-05-17T11:23:25.2867640+07:00 0HMQMHPD11IBQ:0000000B [ERR] Couldn't start the SPA development server with command 'npm run dev'. (d0ae250d)
2023-05-17T11:23:27.2908536+07:00 0HMQMHPD11IBQ:0000000D [INF] No SPA development server running at https://localhost:44450 found. (faa82a70)
2023-05-17T11:23:27.3287899+07:00 0HMQMHPD11IBQ:0000000D [INF] SPA proxy is not ready. Returning temporary landing page. (72ef90a5)
2023-05-17T11:23:32.3998785+07:00 0HMQMHPD11IBQ:0000000D [ERR] Couldn't start the SPA development server with command 'npm run dev'. (d0ae250d)
2023-05-17T11:23:34.4547685+07:00 0HMQMHPD11IBQ:0000000F [INF] No SPA development server running at https://localhost:44450 found. (faa82a70)
2023-05-17T11:23:34.4934474+07:00 0HMQMHPD11IBQ:0000000F [INF] SPA proxy is not ready. Returning temporary landing page. (72ef90a5)
2023-05-17T11:23:39.5780639+07:00 0HMQMHPD11IBQ:0000000F [ERR] Couldn't start the SPA development server with command 'npm run dev'. (d0ae250d)
2023-05-17T11:23:41.6344175+07:00 0HMQMHPD11IBQ:00000011 [INF] No SPA development server running at https://localhost:44450 found. (faa82a70)
2023-05-17T11:23:41.6562588+07:00 0HMQMHPD11IBQ:00000011 [INF] SPA proxy is not ready. Returning temporary landing page. (72ef90a5)
2023-05-17T11:23:46.7433163+07:00 0HMQMHPD11IBQ:00000011 [ERR] Couldn't start the SPA development server with command 'npm run dev'. (d0ae250d)
2023-05-17T11:23:48.7868668+07:00 0HMQMHPD11IBQ:00000013 [INF] No SPA development server running at https://localhost:44450 found. (faa82a70)
2023-05-17T11:23:48.8324111+07:00 0HMQMHPD11IBQ:00000013 [INF] SPA proxy is not ready. Returning temporary landing page. (72ef90a5)
2023-05-17T11:23:53.9156096+07:00 0HMQMHPD11IBQ:00000013 [ERR] Couldn't start the SPA development server with command 'npm run dev'. (d0ae250d)
2023-05-17T11:23:55.9600610+07:00 0HMQMHPD11IBQ:00000015 [INF] No SPA development server running at https://localhost:44450 found. (faa82a70)
2023-05-17T11:23:55.9840672+07:00 0HMQMHPD11IBQ:00000015 [INF] SPA proxy is not ready. Returning temporary landing page. (72ef90a5)
2023-05-17T11:24:01.0575970+07:00 0HMQMHPD11IBQ:00000015 [ERR] Couldn't start the SPA development server with command 'npm run dev'. (d0ae250d)
2023-05-17T11:24:03.1147376+07:00 0HMQMHPD11IBQ:00000017 [INF] No SPA development server running at https://localhost:44450 found. (faa82a70)
2023-05-17T11:24:03.1352816+07:00 0HMQMHPD11IBQ:00000017 [INF] SPA proxy is not ready. Returning temporary landing page. (72ef90a5)
2023-05-17T11:24:08.2283526+07:00 0HMQMHPD11IBQ:00000017 [ERR] Couldn't start the SPA development server with command 'npm run dev'. (d0ae250d)
2023-05-17T11:24:09.6882723+07:00 0HMQMHPD11IBS:00000001 [WRN] The decimal property '"AccessLogId"' is part of a key on entity type '"AdAccessLog"'. If the configured precision and scale don't match the column type in the database, this will cause values to be silently truncated if they do not fit in the default precision and scale. Consider using a different property as the key, or make sure that the database column type matches the model configuration and enable decimal rounding warnings using 'SET NUMERIC_ROUNDABORT ON'. (f95da386)
2023-05-17T11:24:10.1529440+07:00 0HMQMHPD11IBS:00000001 [ERR] An unhandled exception has occurred while executing the request. (48a46595)
System.InvalidOperationException: Unable to track an instance of type 'LmsCourse' because it does not have a primary key. Only entity types with a primary key may be tracked.
   at Microsoft.EntityFrameworkCore.ChangeTracking.Internal.StateManager.GetOrCreateEntry(Object entity, IEntityType entityType)
   at Microsoft.EntityFrameworkCore.Internal.InternalDbSet`1.EntryWithoutDetectChanges(TEntity entity)
   at Microsoft.EntityFrameworkCore.Internal.InternalDbSet`1.Add(TEntity entity)
   at QuickApp.Controllers.MobileLoginController.AddCourse(LmsCourse lmsCourse) in E:\1.Project\React_MetaLearn\QuickApp\Controllers\MobileLoginController.cs:line 90
   at lambda_method6(Closure, Object, Object[])
   at Microsoft.AspNetCore.Mvc.Infrastructure.ActionMethodExecutor.SyncObjectResultExecutor.Execute(ActionContext actionContext, IActionResultTypeMapper mapper, ObjectMethodExecutor executor, Object controller, Object[] arguments)
   at Microsoft.AspNetCore.Mvc.Infrastructure.ControllerActionInvoker.InvokeActionMethodAsync()
   at Microsoft.AspNetCore.Mvc.Infrastructure.ControllerActionInvoker.Next(State& next, Scope& scope, Object& state, Boolean& isCompleted)
   at Microsoft.AspNetCore.Mvc.Infrastructure.ControllerActionInvoker.InvokeNextActionFilterAsync()
--- End of stack trace from previous location ---
   at Microsoft.AspNetCore.Mvc.Infrastructure.ControllerActionInvoker.Rethrow(ActionExecutedContextSealed context)
   at Microsoft.AspNetCore.Mvc.Infrastructure.ControllerActionInvoker.Next(State& next, Scope& scope, Object& state, Boolean& isCompleted)
   at Microsoft.AspNetCore.Mvc.Infrastructure.ControllerActionInvoker.InvokeInnerFilterAsync()
--- End of stack trace from previous location ---
   at Microsoft.AspNetCore.Mvc.Infrastructure.ResourceInvoker.<InvokeNextResourceFilter>g__Awaited|25_0(ResourceInvoker invoker, Task lastTask, State next, Scope scope, Object state, Boolean isCompleted)
   at Microsoft.AspNetCore.Mvc.Infrastructure.ResourceInvoker.Rethrow(ResourceExecutedContextSealed context)
   at Microsoft.AspNetCore.Mvc.Infrastructure.ResourceInvoker.Next(State& next, Scope& scope, Object& state, Boolean& isCompleted)
   at Microsoft.AspNetCore.Mvc.Infrastructure.ResourceInvoker.InvokeFilterPipelineAsync()
--- End of stack trace from previous location ---
   at Microsoft.AspNetCore.Mvc.Infrastructure.ResourceInvoker.<InvokeAsync>g__Awaited|17_0(ResourceInvoker invoker, Task task, IDisposable scope)
   at Microsoft.AspNetCore.Mvc.Infrastructure.ResourceInvoker.<InvokeAsync>g__Awaited|17_0(ResourceInvoker invoker, Task task, IDisposable scope)
   at Microsoft.AspNetCore.Routing.EndpointMiddleware.<Invoke>g__AwaitRequestTask|6_0(Endpoint endpoint, Task requestTask, ILogger logger)
   at Swashbuckle.AspNetCore.SwaggerUI.SwaggerUIMiddleware.Invoke(HttpContext httpContext)
   at Swashbuckle.AspNetCore.Swagger.SwaggerMiddleware.Invoke(HttpContext httpContext, ISwaggerProvider swaggerProvider)
   at Microsoft.AspNetCore.Authorization.AuthorizationMiddleware.Invoke(HttpContext context)
   at Duende.IdentityServer.Hosting.IdentityServerMiddleware.Invoke(HttpContext context, IdentityServerOptions options, IEndpointRouter router, IUserSession userSession, IEventService events, IIssuerNameService issuerNameService, ISessionCoordinationService sessionCoordinationService) in /_/src/IdentityServer/Hosting/IdentityServerMiddleware.cs:line 120
   at Duende.IdentityServer.Hosting.MutualTlsEndpointMiddleware.Invoke(HttpContext context, IAuthenticationSchemeProvider schemes) in /_/src/IdentityServer/Hosting/MutualTlsEndpointMiddleware.cs:line 94
   at Microsoft.AspNetCore.Authentication.AuthenticationMiddleware.Invoke(HttpContext context)
   at Duende.IdentityServer.Hosting.DynamicProviders.DynamicSchemeAuthenticationMiddleware.Invoke(HttpContext context) in /_/src/IdentityServer/Hosting/DynamicProviders/DynamicSchemes/DynamicSchemeAuthenticationMiddleware.cs:line 47
   at Duende.IdentityServer.Hosting.BaseUrlMiddleware.Invoke(HttpContext context) in /_/src/IdentityServer/Hosting/BaseUrlMiddleware.cs:line 27
   at Microsoft.AspNetCore.Diagnostics.DeveloperExceptionPageMiddlewareImpl.Invoke(HttpContext context)
2023-05-17T11:24:10.2611383+07:00 0HMQMHPD11IBQ:00000019 [INF] No SPA development server running at https://localhost:44450 found. (faa82a70)
2023-05-17T11:24:10.2837965+07:00 0HMQMHPD11IBQ:00000019 [INF] SPA proxy is not ready. Returning temporary landing page. (72ef90a5)
2023-05-17T11:24:15.3804032+07:00 0HMQMHPD11IBQ:00000019 [ERR] Couldn't start the SPA development server with command 'npm run dev'. (d0ae250d)
2023-05-17T11:24:17.5062203+07:00 0HMQMHPD11IBQ:0000001B [INF] No SPA development server running at https://localhost:44450 found. (faa82a70)
2023-05-17T11:24:17.5289471+07:00 0HMQMHPD11IBQ:0000001B [INF] SPA proxy is not ready. Returning temporary landing page. (72ef90a5)
2023-05-17T11:24:24.6557677+07:00 0HMQMHPD11IBQ:0000001D [INF] SPA proxy is not ready. Returning temporary landing page. (72ef90a5)
2023-05-17T11:24:31.7763812+07:00 0HMQMHPD11IBQ:0000001F [INF] SPA proxy is not ready. Returning temporary landing page. (72ef90a5)
2023-05-17T11:24:32.0943494+07:00 0HMQMHPD11IBS:00000002 [ERR] An unhandled exception has occurred while executing the request. (48a46595)
System.InvalidOperationException: Unable to track an instance of type 'LmsCourse' because it does not have a primary key. Only entity types with a primary key may be tracked.
   at Microsoft.EntityFrameworkCore.ChangeTracking.Internal.StateManager.GetOrCreateEntry(Object entity, IEntityType entityType)
   at Microsoft.EntityFrameworkCore.Internal.InternalDbSet`1.EntryWithoutDetectChanges(TEntity entity)
   at Microsoft.EntityFrameworkCore.Internal.InternalDbSet`1.Add(TEntity entity)
   at QuickApp.Controllers.MobileLoginController.AddCourse(LmsCourse lmsCourse) in E:\1.Project\React_MetaLearn\QuickApp\Controllers\MobileLoginController.cs:line 90
   at lambda_method6(Closure, Object, Object[])
   at Microsoft.AspNetCore.Mvc.Infrastructure.ActionMethodExecutor.SyncObjectResultExecutor.Execute(ActionContext actionContext, IActionResultTypeMapper mapper, ObjectMethodExecutor executor, Object controller, Object[] arguments)
   at Microsoft.AspNetCore.Mvc.Infrastructure.ControllerActionInvoker.InvokeActionMethodAsync()
   at Microsoft.AspNetCore.Mvc.Infrastructure.ControllerActionInvoker.Next(State& next, Scope& scope, Object& state, Boolean& isCompleted)
   at Microsoft.AspNetCore.Mvc.Infrastructure.ControllerActionInvoker.InvokeNextActionFilterAsync()
--- End of stack trace from previous location ---
   at Microsoft.AspNetCore.Mvc.Infrastructure.ControllerActionInvoker.Rethrow(ActionExecutedContextSealed context)
   at Microsoft.AspNetCore.Mvc.Infrastructure.ControllerActionInvoker.Next(State& next, Scope& scope, Object& state, Boolean& isCompleted)
   at Microsoft.AspNetCore.Mvc.Infrastructure.ControllerActionInvoker.InvokeInnerFilterAsync()
--- End of stack trace from previous location ---
   at Microsoft.AspNetCore.Mvc.Infrastructure.ResourceInvoker.<InvokeNextResourceFilter>g__Awaited|25_0(ResourceInvoker invoker, Task lastTask, State next, Scope scope, Object state, Boolean isCompleted)
   at Microsoft.AspNetCore.Mvc.Infrastructure.ResourceInvoker.Rethrow(ResourceExecutedContextSealed context)
   at Microsoft.AspNetCore.Mvc.Infrastructure.ResourceInvoker.Next(State& next, Scope& scope, Object& state, Boolean& isCompleted)
   at Microsoft.AspNetCore.Mvc.Infrastructure.ResourceInvoker.InvokeFilterPipelineAsync()
--- End of stack trace from previous location ---
   at Microsoft.AspNetCore.Mvc.Infrastructure.ResourceInvoker.<InvokeAsync>g__Awaited|17_0(ResourceInvoker invoker, Task task, IDisposable scope)
   at Microsoft.AspNetCore.Mvc.Infrastructure.ResourceInvoker.<InvokeAsync>g__Awaited|17_0(ResourceInvoker invoker, Task task, IDisposable scope)
   at Microsoft.AspNetCore.Routing.EndpointMiddleware.<Invoke>g__AwaitRequestTask|6_0(Endpoint endpoint, Task requestTask, ILogger logger)
   at Swashbuckle.AspNetCore.SwaggerUI.SwaggerUIMiddleware.Invoke(HttpContext httpContext)
   at Swashbuckle.AspNetCore.Swagger.SwaggerMiddleware.Invoke(HttpContext httpContext, ISwaggerProvider swaggerProvider)
   at Microsoft.AspNetCore.Authorization.AuthorizationMiddleware.Invoke(HttpContext context)
   at Duende.IdentityServer.Hosting.IdentityServerMiddleware.Invoke(HttpContext context, IdentityServerOptions options, IEndpointRouter router, IUserSession userSession, IEventService events, IIssuerNameService issuerNameService, ISessionCoordinationService sessionCoordinationService) in /_/src/IdentityServer/Hosting/IdentityServerMiddleware.cs:line 120
   at Duende.IdentityServer.Hosting.MutualTlsEndpointMiddleware.Invoke(HttpContext context, IAuthenticationSchemeProvider schemes) in /_/src/IdentityServer/Hosting/MutualTlsEndpointMiddleware.cs:line 94
   at Microsoft.AspNetCore.Authentication.AuthenticationMiddleware.Invoke(HttpContext context)
   at Duende.IdentityServer.Hosting.DynamicProviders.DynamicSchemeAuthenticationMiddleware.Invoke(HttpContext context) in /_/src/IdentityServer/Hosting/DynamicProviders/DynamicSchemes/DynamicSchemeAuthenticationMiddleware.cs:line 47
   at Duende.IdentityServer.Hosting.BaseUrlMiddleware.Invoke(HttpContext context) in /_/src/IdentityServer/Hosting/BaseUrlMiddleware.cs:line 27
   at Microsoft.AspNetCore.Diagnostics.DeveloperExceptionPageMiddlewareImpl.Invoke(HttpContext context)
2023-05-17T11:24:37.2424267+07:00 0HMQMHPD11IBS:00000003 [ERR] An unhandled exception has occurred while executing the request. (48a46595)
System.InvalidOperationException: Unable to track an instance of type 'LmsCourse' because it does not have a primary key. Only entity types with a primary key may be tracked.
   at Microsoft.EntityFrameworkCore.ChangeTracking.Internal.StateManager.GetOrCreateEntry(Object entity, IEntityType entityType)
   at Microsoft.EntityFrameworkCore.Internal.InternalDbSet`1.EntryWithoutDetectChanges(TEntity entity)
   at Microsoft.EntityFrameworkCore.Internal.InternalDbSet`1.Add(TEntity entity)
   at QuickApp.Controllers.MobileLoginController.AddCourse(LmsCourse lmsCourse) in E:\1.Project\React_MetaLearn\QuickApp\Controllers\MobileLoginController.cs:line 90
   at lambda_method6(Closure, Object, Object[])
   at Microsoft.AspNetCore.Mvc.Infrastructure.ActionMethodExecutor.SyncObjectResultExecutor.Execute(ActionContext actionContext, IActionResultTypeMapper mapper, ObjectMethodExecutor executor, Object controller, Object[] arguments)
   at Microsoft.AspNetCore.Mvc.Infrastructure.ControllerActionInvoker.InvokeActionMethodAsync()
   at Microsoft.AspNetCore.Mvc.Infrastructure.ControllerActionInvoker.Next(State& next, Scope& scope, Object& state, Boolean& isCompleted)
   at Microsoft.AspNetCore.Mvc.Infrastructure.ControllerActionInvoker.InvokeNextActionFilterAsync()
--- End of stack trace from previous location ---
   at Microsoft.AspNetCore.Mvc.Infrastructure.ControllerActionInvoker.Rethrow(ActionExecutedContextSealed context)
   at Microsoft.AspNetCore.Mvc.Infrastructure.ControllerActionInvoker.Next(State& next, Scope& scope, Object& state, Boolean& isCompleted)
   at Microsoft.AspNetCore.Mvc.Infrastructure.ControllerActionInvoker.InvokeInnerFilterAsync()
--- End of stack trace from previous location ---
   at Microsoft.AspNetCore.Mvc.Infrastructure.ResourceInvoker.<InvokeNextResourceFilter>g__Awaited|25_0(ResourceInvoker invoker, Task lastTask, State next, Scope scope, Object state, Boolean isCompleted)
   at Microsoft.AspNetCore.Mvc.Infrastructure.ResourceInvoker.Rethrow(ResourceExecutedContextSealed context)
   at Microsoft.AspNetCore.Mvc.Infrastructure.ResourceInvoker.Next(State& next, Scope& scope, Object& state, Boolean& isCompleted)
   at Microsoft.AspNetCore.Mvc.Infrastructure.ResourceInvoker.InvokeFilterPipelineAsync()
--- End of stack trace from previous location ---
   at Microsoft.AspNetCore.Mvc.Infrastructure.ResourceInvoker.<InvokeAsync>g__Awaited|17_0(ResourceInvoker invoker, Task task, IDisposable scope)
   at Microsoft.AspNetCore.Mvc.Infrastructure.ResourceInvoker.<InvokeAsync>g__Awaited|17_0(ResourceInvoker invoker, Task task, IDisposable scope)
   at Microsoft.AspNetCore.Routing.EndpointMiddleware.<Invoke>g__AwaitRequestTask|6_0(Endpoint endpoint, Task requestTask, ILogger logger)
   at Swashbuckle.AspNetCore.SwaggerUI.SwaggerUIMiddleware.Invoke(HttpContext httpContext)
   at Swashbuckle.AspNetCore.Swagger.SwaggerMiddleware.Invoke(HttpContext httpContext, ISwaggerProvider swaggerProvider)
   at Microsoft.AspNetCore.Authorization.AuthorizationMiddleware.Invoke(HttpContext context)
   at Duende.IdentityServer.Hosting.IdentityServerMiddleware.Invoke(HttpContext context, IdentityServerOptions options, IEndpointRouter router, IUserSession userSession, IEventService events, IIssuerNameService issuerNameService, ISessionCoordinationService sessionCoordinationService) in /_/src/IdentityServer/Hosting/IdentityServerMiddleware.cs:line 120
   at Duende.IdentityServer.Hosting.MutualTlsEndpointMiddleware.Invoke(HttpContext context, IAuthenticationSchemeProvider schemes) in /_/src/IdentityServer/Hosting/MutualTlsEndpointMiddleware.cs:line 94
   at Microsoft.AspNetCore.Authentication.AuthenticationMiddleware.Invoke(HttpContext context)
   at Duende.IdentityServer.Hosting.DynamicProviders.DynamicSchemeAuthenticationMiddleware.Invoke(HttpContext context) in /_/src/IdentityServer/Hosting/DynamicProviders/DynamicSchemes/DynamicSchemeAuthenticationMiddleware.cs:line 47
   at Duende.IdentityServer.Hosting.BaseUrlMiddleware.Invoke(HttpContext context) in /_/src/IdentityServer/Hosting/BaseUrlMiddleware.cs:line 27
   at Microsoft.AspNetCore.Diagnostics.DeveloperExceptionPageMiddlewareImpl.Invoke(HttpContext context)
2023-05-17T11:24:38.9052848+07:00 0HMQMHPD11IBQ:00000021 [INF] SPA proxy is not ready. Returning temporary landing page. (72ef90a5)
2023-05-17T11:24:45.9770489+07:00  [INF] Starting Duende IdentityServer version "6.2.1+bda14c367eb8a85f3dae614fa0ac1005bb13dfdc" (".NET 7.0.1") (ae753c2a)
2023-05-17T11:24:45.9947388+07:00  [WRN] You do not have a valid license key for the Duende software. This is allowed for development and testing scenarios. If you are running in production you are required to have a licensed version. Please start a conversation with us: https://duendesoftware.com/contact (c0bcb7a8)
2023-05-17T11:24:45.9974173+07:00  [INF] You are using the in-memory version of the persisted grant store. This will store consent decisions, authorization codes, refresh and reference tokens in memory only. If you are using any of those features in production, you want to switch to a different store implementation. (553c312b)
2023-05-17T11:24:46.0010295+07:00  [INF] Using the default authentication scheme "Bearer" for IdentityServer (4a54f457)
2023-05-17T11:24:46.0010758+07:00  [INF] Authentication scheme "Bearer" is configured for IdentityServer, but it is not a scheme that supports signin (like cookies). If you support interactive logins via the browser, then a cookie-based scheme should be used. (70b7fc41)
2023-05-17T11:24:46.1907579+07:00  [INF] Now listening on: "https://localhost:44350" (d826f4b8)
2023-05-17T11:24:46.1907926+07:00  [INF] Now listening on: "http://localhost:5050" (d826f4b8)
2023-05-17T11:24:46.1909429+07:00  [INF] Application started. Press Ctrl+C to shut down. (dcaefe54)
2023-05-17T11:24:46.1909829+07:00  [INF] Hosting environment: "Development" (bc5a1a4e)
2023-05-17T11:24:46.1909962+07:00  [INF] Content root path: "E:\1.Project\React_MetaLearn\QuickApp" (cc26f24e)
2023-05-17T11:24:50.5086993+07:00 0HMQMHQILVAOH:00000001 [INF] No SPA development server running at https://localhost:44450 found. (faa82a70)
2023-05-17T11:24:50.6233497+07:00 0HMQMHQILVAOH:00000001 [INF] SPA proxy is not ready. Returning temporary landing page. (72ef90a5)
2023-05-17T11:24:54.6884994+07:00 0HMQMHQILVAOH:00000003 [INF] SPA proxy is not ready. Returning temporary landing page. (72ef90a5)
2023-05-17T11:24:55.6834460+07:00 0HMQMHQILVAOH:00000001 [ERR] Couldn't start the SPA development server with command 'npm run dev'. (d0ae250d)
2023-05-17T11:24:56.7513268+07:00 0HMQMHQILVAOL:00000001 [WRN] The decimal property '"AccessLogId"' is part of a key on entity type '"AdAccessLog"'. If the configured precision and scale don't match the column type in the database, this will cause values to be silently truncated if they do not fit in the default precision and scale. Consider using a different property as the key, or make sure that the database column type matches the model configuration and enable decimal rounding warnings using 'SET NUMERIC_ROUNDABORT ON'. (f95da386)
2023-05-17T11:25:01.8606629+07:00 0HMQMHQILVAOH:00000005 [INF] No SPA development server running at https://localhost:44450 found. (faa82a70)
2023-05-17T11:25:01.8843700+07:00 0HMQMHQILVAOH:00000005 [INF] SPA proxy is not ready. Returning temporary landing page. (72ef90a5)
2023-05-17T11:25:06.9590267+07:00 0HMQMHQILVAOH:00000005 [ERR] Couldn't start the SPA development server with command 'npm run dev'. (d0ae250d)
2023-05-17T11:25:09.0098310+07:00 0HMQMHQILVAOH:00000007 [INF] No SPA development server running at https://localhost:44450 found. (faa82a70)
2023-05-17T11:25:09.0329589+07:00 0HMQMHQILVAOH:00000007 [INF] SPA proxy is not ready. Returning temporary landing page. (72ef90a5)
2023-05-17T11:25:14.1165660+07:00 0HMQMHQILVAOH:00000007 [ERR] Couldn't start the SPA development server with command 'npm run dev'. (d0ae250d)
2023-05-17T11:25:16.1501335+07:00 0HMQMHQILVAOH:00000009 [INF] No SPA development server running at https://localhost:44450 found. (faa82a70)
2023-05-17T11:25:16.1722370+07:00 0HMQMHQILVAOH:00000009 [INF] SPA proxy is not ready. Returning temporary landing page. (72ef90a5)
2023-05-17T11:25:21.2560028+07:00 0HMQMHQILVAOH:00000009 [ERR] Couldn't start the SPA development server with command 'npm run dev'. (d0ae250d)
2023-05-17T11:25:23.2964518+07:00 0HMQMHQILVAOH:0000000B [INF] No SPA development server running at https://localhost:44450 found. (faa82a70)
2023-05-17T11:25:23.3185883+07:00 0HMQMHQILVAOH:0000000B [INF] SPA proxy is not ready. Returning temporary landing page. (72ef90a5)
2023-05-17T11:25:28.4115953+07:00 0HMQMHQILVAOH:0000000B [ERR] Couldn't start the SPA development server with command 'npm run dev'. (d0ae250d)
2023-05-17T11:25:30.4706205+07:00 0HMQMHQILVAOH:0000000D [INF] No SPA development server running at https://localhost:44450 found. (faa82a70)
2023-05-17T11:25:30.4933822+07:00 0HMQMHQILVAOH:0000000D [INF] SPA proxy is not ready. Returning temporary landing page. (72ef90a5)
2023-05-17T11:25:35.5736192+07:00 0HMQMHQILVAOH:0000000D [ERR] Couldn't start the SPA development server with command 'npm run dev'. (d0ae250d)
2023-05-17T11:25:37.6432817+07:00 0HMQMHQILVAOH:0000000F [INF] No SPA development server running at https://localhost:44450 found. (faa82a70)
2023-05-17T11:25:37.6900851+07:00 0HMQMHQILVAOH:0000000F [INF] SPA proxy is not ready. Returning temporary landing page. (72ef90a5)
2023-05-17T11:25:42.7841790+07:00 0HMQMHQILVAOH:0000000F [ERR] Couldn't start the SPA development server with command 'npm run dev'. (d0ae250d)
2023-05-17T11:25:44.8536283+07:00 0HMQMHQILVAOH:00000011 [INF] No SPA development server running at https://localhost:44450 found. (faa82a70)
2023-05-17T11:25:44.8781493+07:00 0HMQMHQILVAOH:00000011 [INF] SPA proxy is not ready. Returning temporary landing page. (72ef90a5)
2023-05-17T11:25:49.9564445+07:00 0HMQMHQILVAOH:00000011 [ERR] Couldn't start the SPA development server with command 'npm run dev'. (d0ae250d)
2023-05-17T11:25:52.0447718+07:00 0HMQMHQILVAOH:00000013 [INF] No SPA development server running at https://localhost:44450 found. (faa82a70)
2023-05-17T11:25:52.0981428+07:00 0HMQMHQILVAOH:00000013 [INF] SPA proxy is not ready. Returning temporary landing page. (72ef90a5)
2023-05-17T11:25:57.1997118+07:00 0HMQMHQILVAOH:00000013 [ERR] Couldn't start the SPA development server with command 'npm run dev'. (d0ae250d)
2023-05-17T11:25:59.2469745+07:00 0HMQMHQILVAOH:00000015 [INF] No SPA development server running at https://localhost:44450 found. (faa82a70)
2023-05-17T11:25:59.2885151+07:00 0HMQMHQILVAOH:00000015 [INF] SPA proxy is not ready. Returning temporary landing page. (72ef90a5)
2023-05-17T11:26:04.3960226+07:00 0HMQMHQILVAOH:00000015 [ERR] Couldn't start the SPA development server with command 'npm run dev'. (d0ae250d)
2023-05-17T11:26:06.4225177+07:00 0HMQMHQILVAOH:00000017 [INF] No SPA development server running at https://localhost:44450 found. (faa82a70)
2023-05-17T11:26:06.4475826+07:00 0HMQMHQILVAOH:00000017 [INF] SPA proxy is not ready. Returning temporary landing page. (72ef90a5)
2023-05-17T11:26:11.5370177+07:00 0HMQMHQILVAOH:00000017 [ERR] Couldn't start the SPA development server with command 'npm run dev'. (d0ae250d)
2023-05-17T11:26:13.5767064+07:00 0HMQMHQILVAOH:00000019 [INF] No SPA development server running at https://localhost:44450 found. (faa82a70)
2023-05-17T11:26:13.5984358+07:00 0HMQMHQILVAOH:00000019 [INF] SPA proxy is not ready. Returning temporary landing page. (72ef90a5)
2023-05-17T11:26:18.6816210+07:00 0HMQMHQILVAOH:00000019 [ERR] Couldn't start the SPA development server with command 'npm run dev'. (d0ae250d)
2023-05-17T11:26:20.7563094+07:00 0HMQMHQILVAOH:0000001B [INF] No SPA development server running at https://localhost:44450 found. (faa82a70)
2023-05-17T11:26:20.7801903+07:00 0HMQMHQILVAOH:0000001B [INF] SPA proxy is not ready. Returning temporary landing page. (72ef90a5)
2023-05-17T11:26:26.6896253+07:00  [INF] Starting Duende IdentityServer version "6.2.1+bda14c367eb8a85f3dae614fa0ac1005bb13dfdc" (".NET 7.0.1") (ae753c2a)
2023-05-17T11:26:26.7072523+07:00  [WRN] You do not have a valid license key for the Duende software. This is allowed for development and testing scenarios. If you are running in production you are required to have a licensed version. Please start a conversation with us: https://duendesoftware.com/contact (c0bcb7a8)
2023-05-17T11:26:26.7098342+07:00  [INF] You are using the in-memory version of the persisted grant store. This will store consent decisions, authorization codes, refresh and reference tokens in memory only. If you are using any of those features in production, you want to switch to a different store implementation. (553c312b)
2023-05-17T11:26:26.7133165+07:00  [INF] Using the default authentication scheme "Bearer" for IdentityServer (4a54f457)
2023-05-17T11:26:26.7133603+07:00  [INF] Authentication scheme "Bearer" is configured for IdentityServer, but it is not a scheme that supports signin (like cookies). If you support interactive logins via the browser, then a cookie-based scheme should be used. (70b7fc41)
2023-05-17T11:26:26.8797467+07:00  [INF] Now listening on: "https://localhost:44350" (d826f4b8)
2023-05-17T11:26:26.8798242+07:00  [INF] Now listening on: "http://localhost:5050" (d826f4b8)
2023-05-17T11:26:26.8799880+07:00  [INF] Application started. Press Ctrl+C to shut down. (dcaefe54)
2023-05-17T11:26:26.8800398+07:00  [INF] Hosting environment: "Development" (bc5a1a4e)
2023-05-17T11:26:26.8800694+07:00  [INF] Content root path: "E:\1.Project\React_MetaLearn\QuickApp" (cc26f24e)
2023-05-17T11:26:31.4417440+07:00 0HMQMHRGOHFTJ:00000001 [INF] No SPA development server running at https://localhost:44450 found. (faa82a70)
2023-05-17T11:26:31.5019638+07:00 0HMQMHRGOHFTJ:00000001 [INF] SPA proxy is not ready. Returning temporary landing page. (72ef90a5)
2023-05-17T11:26:34.3922258+07:00 0HMQMHRGOHFTN:00000001 [WRN] The decimal property '"AccessLogId"' is part of a key on entity type '"AdAccessLog"'. If the configured precision and scale don't match the column type in the database, this will cause values to be silently truncated if they do not fit in the default precision and scale. Consider using a different property as the key, or make sure that the database column type matches the model configuration and enable decimal rounding warnings using 'SET NUMERIC_ROUNDABORT ON'. (f95da386)
2023-05-17T11:26:35.5979622+07:00 0HMQMHRGOHFTJ:00000003 [INF] SPA proxy is not ready. Returning temporary landing page. (72ef90a5)
2023-05-17T11:26:36.5931717+07:00 0HMQMHRGOHFTJ:00000001 [ERR] Couldn't start the SPA development server with command 'npm run dev'. (d0ae250d)
2023-05-17T11:26:39.6654677+07:00 0HMQMHRGOHFTJ:00000005 [INF] No SPA development server running at https://localhost:44450 found. (faa82a70)
2023-05-17T11:26:39.7066474+07:00 0HMQMHRGOHFTJ:00000005 [INF] SPA proxy is not ready. Returning temporary landing page. (72ef90a5)
2023-05-17T11:26:43.8037487+07:00 0HMQMHRGOHFTJ:00000007 [INF] SPA proxy is not ready. Returning temporary landing page. (72ef90a5)
2023-05-17T11:26:44.7834751+07:00 0HMQMHRGOHFTJ:00000005 [ERR] Couldn't start the SPA development server with command 'npm run dev'. (d0ae250d)
2023-05-17T11:26:47.8948784+07:00 0HMQMHRGOHFTJ:00000009 [INF] No SPA development server running at https://localhost:44450 found. (faa82a70)
2023-05-17T11:26:47.9760343+07:00 0HMQMHRGOHFTJ:00000009 [INF] SPA proxy is not ready. Returning temporary landing page. (72ef90a5)
2023-05-17T11:26:52.0468694+07:00 0HMQMHRGOHFTJ:0000000B [INF] SPA proxy is not ready. Returning temporary landing page. (72ef90a5)
2023-05-17T11:26:53.0548474+07:00 0HMQMHRGOHFTJ:00000009 [ERR] Couldn't start the SPA development server with command 'npm run dev'. (d0ae250d)
2023-05-17T11:26:56.1268127+07:00 0HMQMHRGOHFTJ:0000000D [INF] No SPA development server running at https://localhost:44450 found. (faa82a70)
2023-05-17T11:26:56.1474798+07:00 0HMQMHRGOHFTJ:0000000D [INF] SPA proxy is not ready. Returning temporary landing page. (72ef90a5)
2023-05-17T11:27:00.2448426+07:00 0HMQMHRGOHFTJ:0000000F [INF] SPA proxy is not ready. Returning temporary landing page. (72ef90a5)
2023-05-17T11:27:01.2277122+07:00 0HMQMHRGOHFTJ:0000000D [ERR] Couldn't start the SPA development server with command 'npm run dev'. (d0ae250d)
2023-05-17T11:27:04.3066937+07:00 0HMQMHRGOHFTJ:00000011 [INF] No SPA development server running at https://localhost:44450 found. (faa82a70)
2023-05-17T11:27:04.3498775+07:00 0HMQMHRGOHFTJ:00000011 [INF] SPA proxy is not ready. Returning temporary landing page. (72ef90a5)
2023-05-17T11:27:08.4299887+07:00 0HMQMHRGOHFTJ:00000013 [INF] SPA proxy is not ready. Returning temporary landing page. (72ef90a5)
2023-05-17T11:27:09.4386500+07:00 0HMQMHRGOHFTJ:00000011 [ERR] Couldn't start the SPA development server with command 'npm run dev'. (d0ae250d)
2023-05-17T11:27:12.5104393+07:00 0HMQMHRGOHFTJ:00000015 [INF] No SPA development server running at https://localhost:44450 found. (faa82a70)
2023-05-17T11:27:12.5575669+07:00 0HMQMHRGOHFTJ:00000015 [INF] SPA proxy is not ready. Returning temporary landing page. (72ef90a5)
2023-05-17T11:27:16.6259779+07:00 0HMQMHRGOHFTJ:00000017 [INF] SPA proxy is not ready. Returning temporary landing page. (72ef90a5)
2023-05-17T11:27:17.6392027+07:00 0HMQMHRGOHFTJ:00000015 [ERR] Couldn't start the SPA development server with command 'npm run dev'. (d0ae250d)
2023-05-17T11:27:20.7140318+07:00 0HMQMHRGOHFTJ:00000019 [INF] No SPA development server running at https://localhost:44450 found. (faa82a70)
2023-05-17T11:27:20.7569482+07:00 0HMQMHRGOHFTJ:00000019 [INF] SPA proxy is not ready. Returning temporary landing page. (72ef90a5)
2023-05-17T11:27:24.8313087+07:00 0HMQMHRGOHFTJ:0000001B [INF] SPA proxy is not ready. Returning temporary landing page. (72ef90a5)
2023-05-17T11:29:16.9161485+07:00  [INF] Starting Duende IdentityServer version "6.2.1+bda14c367eb8a85f3dae614fa0ac1005bb13dfdc" (".NET 7.0.1") (ae753c2a)
2023-05-17T11:29:16.9328256+07:00  [WRN] You do not have a valid license key for the Duende software. This is allowed for development and testing scenarios. If you are running in production you are required to have a licensed version. Please start a conversation with us: https://duendesoftware.com/contact (c0bcb7a8)
2023-05-17T11:29:16.9352371+07:00  [INF] You are using the in-memory version of the persisted grant store. This will store consent decisions, authorization codes, refresh and reference tokens in memory only. If you are using any of those features in production, you want to switch to a different store implementation. (553c312b)
2023-05-17T11:29:16.9387700+07:00  [INF] Using the default authentication scheme "Bearer" for IdentityServer (4a54f457)
2023-05-17T11:29:16.9388056+07:00  [INF] Authentication scheme "Bearer" is configured for IdentityServer, but it is not a scheme that supports signin (like cookies). If you support interactive logins via the browser, then a cookie-based scheme should be used. (70b7fc41)
2023-05-17T11:29:17.1016643+07:00  [INF] Now listening on: "https://localhost:44350" (d826f4b8)
2023-05-17T11:29:17.1017350+07:00  [INF] Now listening on: "http://localhost:5050" (d826f4b8)
2023-05-17T11:29:17.1018685+07:00  [INF] Application started. Press Ctrl+C to shut down. (dcaefe54)
2023-05-17T11:29:17.1019263+07:00  [INF] Hosting environment: "Development" (bc5a1a4e)
2023-05-17T11:29:17.1019557+07:00  [INF] Content root path: "E:\1.Project\React_MetaLearn\QuickApp" (cc26f24e)
2023-05-17T11:29:21.8396191+07:00 0HMQMHT3GOKI7:00000001 [INF] No SPA development server running at https://localhost:44450 found. (faa82a70)
2023-05-17T11:29:21.9032121+07:00 0HMQMHT3GOKI7:00000001 [INF] SPA proxy is not ready. Returning temporary landing page. (72ef90a5)
2023-05-17T11:29:26.6050679+07:00 0HMQMHT3GOKI9:00000001 [WRN] The decimal property '"AccessLogId"' is part of a key on entity type '"AdAccessLog"'. If the configured precision and scale don't match the column type in the database, this will cause values to be silently truncated if they do not fit in the default precision and scale. Consider using a different property as the key, or make sure that the database column type matches the model configuration and enable decimal rounding warnings using 'SET NUMERIC_ROUNDABORT ON'. (f95da386)
2023-05-17T11:29:26.9949758+07:00 0HMQMHT3GOKI7:00000001 [ERR] Couldn't start the SPA development server with command 'npm run dev'. (d0ae250d)
2023-05-17T11:29:29.1218664+07:00 0HMQMHT3GOKI7:00000003 [INF] No SPA development server running at https://localhost:44450 found. (faa82a70)
2023-05-17T11:29:29.1559576+07:00 0HMQMHT3GOKI7:00000003 [INF] SPA proxy is not ready. Returning temporary landing page. (72ef90a5)
2023-05-17T11:29:34.2239316+07:00 0HMQMHT3GOKI7:00000003 [ERR] Couldn't start the SPA development server with command 'npm run dev'. (d0ae250d)
2023-05-17T11:29:36.2982610+07:00 0HMQMHT3GOKI7:00000005 [INF] No SPA development server running at https://localhost:44450 found. (faa82a70)
2023-05-17T11:29:36.3495130+07:00 0HMQMHT3GOKI7:00000005 [INF] SPA proxy is not ready. Returning temporary landing page. (72ef90a5)
2023-05-17T11:29:41.4250264+07:00 0HMQMHT3GOKI7:00000005 [ERR] Couldn't start the SPA development server with command 'npm run dev'. (d0ae250d)
2023-05-17T11:29:43.4888808+07:00 0HMQMHT3GOKI7:00000007 [INF] No SPA development server running at https://localhost:44450 found. (faa82a70)
2023-05-17T11:29:43.5166606+07:00 0HMQMHT3GOKI7:00000007 [INF] SPA proxy is not ready. Returning temporary landing page. (72ef90a5)
2023-05-17T11:29:48.6000281+07:00 0HMQMHT3GOKI7:00000007 [ERR] Couldn't start the SPA development server with command 'npm run dev'. (d0ae250d)
2023-05-17T11:29:50.6541674+07:00 0HMQMHT3GOKI7:00000009 [INF] No SPA development server running at https://localhost:44450 found. (faa82a70)
2023-05-17T11:29:50.6760731+07:00 0HMQMHT3GOKI7:00000009 [INF] SPA proxy is not ready. Returning temporary landing page. (72ef90a5)
2023-05-17T11:29:55.7626988+07:00 0HMQMHT3GOKI7:00000009 [ERR] Couldn't start the SPA development server with command 'npm run dev'. (d0ae250d)
2023-05-17T11:29:57.8436726+07:00 0HMQMHT3GOKI7:0000000B [INF] No SPA development server running at https://localhost:44450 found. (faa82a70)
2023-05-17T11:29:57.8678627+07:00 0HMQMHT3GOKI7:0000000B [INF] SPA proxy is not ready. Returning temporary landing page. (72ef90a5)
2023-05-17T11:30:02.9686597+07:00 0HMQMHT3GOKI7:0000000B [ERR] Couldn't start the SPA development server with command 'npm run dev'. (d0ae250d)
2023-05-17T11:30:05.0217217+07:00 0HMQMHT3GOKI7:0000000D [INF] No SPA development server running at https://localhost:44450 found. (faa82a70)
2023-05-17T11:30:05.0785036+07:00 0HMQMHT3GOKI7:0000000D [INF] SPA proxy is not ready. Returning temporary landing page. (72ef90a5)
2023-05-17T11:30:10.1741121+07:00 0HMQMHT3GOKI7:0000000D [ERR] Couldn't start the SPA development server with command 'npm run dev'. (d0ae250d)
2023-05-17T11:30:12.2056151+07:00 0HMQMHT3GOKI7:0000000F [INF] No SPA development server running at https://localhost:44450 found. (faa82a70)
2023-05-17T11:30:12.2330911+07:00 0HMQMHT3GOKI7:0000000F [INF] SPA proxy is not ready. Returning temporary landing page. (72ef90a5)
2023-05-17T11:30:17.3375529+07:00 0HMQMHT3GOKI7:0000000F [ERR] Couldn't start the SPA development server with command 'npm run dev'. (d0ae250d)
2023-05-17T11:30:19.3907246+07:00 0HMQMHT3GOKI7:00000011 [INF] No SPA development server running at https://localhost:44450 found. (faa82a70)
2023-05-17T11:30:19.4107092+07:00 0HMQMHT3GOKI7:00000011 [INF] SPA proxy is not ready. Returning temporary landing page. (72ef90a5)
2023-05-17T11:30:24.5250059+07:00 0HMQMHT3GOKI7:00000011 [ERR] Couldn't start the SPA development server with command 'npm run dev'. (d0ae250d)
2023-05-17T11:30:26.5389573+07:00 0HMQMHT3GOKI7:00000013 [INF] No SPA development server running at https://localhost:44450 found. (faa82a70)
2023-05-17T11:30:26.5592018+07:00 0HMQMHT3GOKI7:00000013 [INF] SPA proxy is not ready. Returning temporary landing page. (72ef90a5)
2023-05-17T11:30:31.6437642+07:00 0HMQMHT3GOKI7:00000013 [ERR] Couldn't start the SPA development server with command 'npm run dev'. (d0ae250d)
2023-05-17T11:30:33.6845813+07:00 0HMQMHT3GOKI7:00000015 [INF] No SPA development server running at https://localhost:44450 found. (faa82a70)
2023-05-17T11:30:33.7353107+07:00 0HMQMHT3GOKI7:00000015 [INF] SPA proxy is not ready. Returning temporary landing page. (72ef90a5)
2023-05-17T11:30:38.8252201+07:00 0HMQMHT3GOKI7:00000015 [ERR] Couldn't start the SPA development server with command 'npm run dev'. (d0ae250d)
2023-05-17T11:30:40.8490133+07:00 0HMQMHT3GOKI7:00000017 [INF] No SPA development server running at https://localhost:44450 found. (faa82a70)
2023-05-17T11:30:40.8706861+07:00 0HMQMHT3GOKI7:00000017 [INF] SPA proxy is not ready. Returning temporary landing page. (72ef90a5)
2023-05-17T11:30:45.9441405+07:00 0HMQMHT3GOKI7:00000017 [ERR] Couldn't start the SPA development server with command 'npm run dev'. (d0ae250d)
2023-05-17T11:30:47.9786405+07:00 0HMQMHT3GOKI7:00000019 [INF] No SPA development server running at https://localhost:44450 found. (faa82a70)
2023-05-17T11:30:48.0564109+07:00 0HMQMHT3GOKI7:00000019 [INF] SPA proxy is not ready. Returning temporary landing page. (72ef90a5)
2023-05-17T11:30:55.2006804+07:00 0HMQMHT3GOKI7:0000001B [INF] SPA proxy is not ready. Returning temporary landing page. (72ef90a5)
2023-05-17T11:31:02.3410020+07:00 0HMQMHT3GOKI7:0000001D [INF] SPA proxy is not ready. Returning temporary landing page. (72ef90a5)
2023-05-17T11:31:09.4885320+07:00 0HMQMHT3GOKI7:0000001F [INF] SPA proxy is not ready. Returning temporary landing page. (72ef90a5)
2023-05-17T11:31:16.6631660+07:00 0HMQMHT3GOKI7:00000021 [INF] SPA proxy is not ready. Returning temporary landing page. (72ef90a5)
2023-05-17T11:31:23.8071635+07:00 0HMQMHT3GOKI7:00000023 [INF] SPA proxy is not ready. Returning temporary landing page. (72ef90a5)
2023-05-17T11:31:30.9431240+07:00 0HMQMHT3GOKI7:00000025 [INF] SPA proxy is not ready. Returning temporary landing page. (72ef90a5)
2023-05-17T11:31:38.1457914+07:00 0HMQMHT3GOKI7:00000027 [INF] SPA proxy is not ready. Returning temporary landing page. (72ef90a5)
2023-05-17T11:31:45.2826519+07:00 0HMQMHT3GOKI7:00000029 [INF] SPA proxy is not ready. Returning temporary landing page. (72ef90a5)
2023-05-17T11:31:52.4182505+07:00 0HMQMHT3GOKI7:0000002B [INF] SPA proxy is not ready. Returning temporary landing page. (72ef90a5)
2023-05-17T11:31:59.5414806+07:00 0HMQMHT3GOKI7:0000002D [INF] SPA proxy is not ready. Returning temporary landing page. (72ef90a5)
2023-05-17T11:32:06.6569585+07:00 0HMQMHT3GOKI7:0000002F [INF] SPA proxy is not ready. Returning temporary landing page. (72ef90a5)
2023-05-17T11:32:13.7922508+07:00 0HMQMHT3GOKI7:00000031 [INF] SPA proxy is not ready. Returning temporary landing page. (72ef90a5)
2023-05-17T11:32:20.9556999+07:00 0HMQMHT3GOKI7:00000033 [INF] SPA proxy is not ready. Returning temporary landing page. (72ef90a5)
2023-05-17T11:32:28.0831166+07:00 0HMQMHT3GOKI7:00000035 [INF] SPA proxy is not ready. Returning temporary landing page. (72ef90a5)
2023-05-17T11:32:35.2695919+07:00 0HMQMHT3GOKI7:00000037 [INF] SPA proxy is not ready. Returning temporary landing page. (72ef90a5)
2023-05-17T11:32:42.4235830+07:00 0HMQMHT3GOKI7:00000039 [INF] SPA proxy is not ready. Returning temporary landing page. (72ef90a5)
